Determining if the pthread_create exist failed with the following output:
Change Dir: /home/chunran/livox2range/build/CMakeFiles/CMakeTmp

Run Build Command:"/usr/bin/make" "cmTC_6592b/fast"
/usr/bin/make -f CMakeFiles/cmTC_6592b.dir/build.make CMakeFiles/cmTC_6592b.dir/build
make[1]: Entering directory '/home/chunran/livox2range/build/CMakeFiles/CMakeTmp'
Building C object CMakeFiles/cmTC_6592b.dir/CheckSymbolExists.c.o
/usr/bin/cc     -o CMakeFiles/cmTC_6592b.dir/CheckSymbolExists.c.o   -c /home/chunran/livox2range/build/CMakeFiles/CMakeTmp/CheckSymbolExists.c
Linking C executable cmTC_6592b
/usr/bin/cmake -E cmake_link_script CMakeFiles/cmTC_6592b.dir/link.txt --verbose=1
/usr/bin/cc       CMakeFiles/cmTC_6592b.dir/CheckSymbolExists.c.o  -o cmTC_6592b -rdynamic 
CMakeFiles/cmTC_6592b.dir/CheckSymbolExists.c.o: In function `main':
CheckSymbolExists.c:(.text+0x16): undefined reference to `pthread_create'
collect2: error: ld returned 1 exit status
CMakeFiles/cmTC_6592b.dir/build.make:97: recipe for target 'cmTC_6592b' failed
make[1]: *** [cmTC_6592b] Error 1
make[1]: Leaving directory '/home/chunran/livox2range/build/CMakeFiles/CMakeTmp'
Makefile:126: recipe for target 'cmTC_6592b/fast' failed
make: *** [cmTC_6592b/fast] Error 2

File /home/chunran/livox2range/build/CMakeFiles/CMakeTmp/CheckSymbolExists.c:
/* */
#include <pthread.h>

int main(int argc, char** argv)
{
  (void)argv;
#ifndef pthread_create
  return ((int*)(&pthread_create))[argc];
#else
  (void)argc;
  return 0;
#endif
}

Determining if the function pthread_create exists in the pthreads failed with the following output:
Change Dir: /home/chunran/livox2range/build/CMakeFiles/CMakeTmp

Run Build Command:"/usr/bin/make" "cmTC_751d7/fast"
/usr/bin/make -f CMakeFiles/cmTC_751d7.dir/build.make CMakeFiles/cmTC_751d7.dir/build
make[1]: Entering directory '/home/chunran/livox2range/build/CMakeFiles/CMakeTmp'
Building C object CMakeFiles/cmTC_751d7.dir/CheckFunctionExists.c.o
/usr/bin/cc    -DCHECK_FUNCTION_EXISTS=pthread_create   -o CMakeFiles/cmTC_751d7.dir/CheckFunctionExists.c.o   -c /usr/share/cmake-3.5/Modules/CheckFunctionExists.c
Linking C executable cmTC_751d7
/usr/bin/cmake -E cmake_link_script CMakeFiles/cmTC_751d7.dir/link.txt --verbose=1
/usr/bin/cc   -DCHECK_FUNCTION_EXISTS=pthread_create    CMakeFiles/cmTC_751d7.dir/CheckFunctionExists.c.o  -o cmTC_751d7 -rdynamic -lpthreads 
/usr/bin/ld: cannot find -lpthreads
collect2: error: ld returned 1 exit status
CMakeFiles/cmTC_751d7.dir/build.make:97: recipe for target 'cmTC_751d7' failed
make[1]: *** [cmTC_751d7] Error 1
make[1]: Leaving directory '/home/chunran/livox2range/build/CMakeFiles/CMakeTmp'
Makefile:126: recipe for target 'cmTC_751d7/fast' failed
make: *** [cmTC_751d7/fast] Error 2


